0 info it worked if it ends with ok
1 verbose cli [ 'node', '/usr/local/bin/npm', 'install' ]
2 info using npm@1.3.21
3 info using node@v0.10.24
4 warn package.json backbone-boilerplate@1.0.0 No repository field.
5 verbose readDependencies using package.json deps
6 verbose install where, deps [ '/Users/seemeloo/projects/HeadshouldersHome',
6 verbose install   [ 'grunt',
6 verbose install     'bbb',
6 verbose install     'grunt-contrib-jshint',
6 verbose install     'grunt-contrib-cssmin',
6 verbose install     'grunt-contrib-copy',
6 verbose install     'grunt-contrib-clean',
6 verbose install     'grunt-contrib-compress',
6 verbose install     'grunt-processhtml',
6 verbose install     'grunt-karma',
6 verbose install     'grunt-karma-coveralls',
6 verbose install     'karma-jasmine',
6 verbose install     'karma-mocha',
6 verbose install     'karma-qunit',
6 verbose install     'karma-phantomjs-launcher',
6 verbose install     'karma-coverage' ] ]
7 info preinstall backbone-boilerplate@1.0.0
8 verbose readDependencies using package.json deps
9 verbose already installed skipping grunt-contrib-jshint@~0.8.0 /Users/seemeloo/projects/HeadshouldersHome
10 verbose already installed skipping grunt@~0.4.1 /Users/seemeloo/projects/HeadshouldersHome
11 verbose already installed skipping bbb@~0.2.0 /Users/seemeloo/projects/HeadshouldersHome
12 verbose already installed skipping grunt-contrib-cssmin@~0.7.0 /Users/seemeloo/projects/HeadshouldersHome
13 verbose already installed skipping grunt-contrib-copy@~0.5.0 /Users/seemeloo/projects/HeadshouldersHome
14 verbose already installed skipping grunt-contrib-clean@~0.5.0 /Users/seemeloo/projects/HeadshouldersHome
15 verbose already installed skipping grunt-processhtml@~0.3.0 /Users/seemeloo/projects/HeadshouldersHome
16 verbose already installed skipping grunt-contrib-compress@~0.6.0 /Users/seemeloo/projects/HeadshouldersHome
17 verbose already installed skipping grunt-karma@~0.6.2 /Users/seemeloo/projects/HeadshouldersHome
18 verbose already installed skipping grunt-karma-coveralls@~2.3.0 /Users/seemeloo/projects/HeadshouldersHome
19 verbose already installed skipping karma-jasmine@~0.1.0 /Users/seemeloo/projects/HeadshouldersHome
20 verbose already installed skipping karma-qunit@~0.1.0 /Users/seemeloo/projects/HeadshouldersHome
21 verbose already installed skipping karma-mocha@~0.1.0 /Users/seemeloo/projects/HeadshouldersHome
22 verbose already installed skipping karma-phantomjs-launcher@~0.1.0 /Users/seemeloo/projects/HeadshouldersHome
23 verbose already installed skipping karma-coverage@~0.1.0 /Users/seemeloo/projects/HeadshouldersHome
24 silly resolved []
25 info build /Users/seemeloo/projects/HeadshouldersHome
26 verbose linkStuff [ false, false, false, '/Users/seemeloo/projects' ]
27 info linkStuff backbone-boilerplate@1.0.0
28 verbose linkBins backbone-boilerplate@1.0.0
29 verbose linkMans backbone-boilerplate@1.0.0
30 verbose rebuildBundles backbone-boilerplate@1.0.0
31 verbose rebuildBundles [ '.bin',
31 verbose rebuildBundles   'bbb',
31 verbose rebuildBundles   'grunt',
31 verbose rebuildBundles   'grunt-bbb-requirejs',
31 verbose rebuildBundles   'grunt-bbb-server',
31 verbose rebuildBundles   'grunt-bbb-styles',
31 verbose rebuildBundles   'grunt-contrib-clean',
31 verbose rebuildBundles   'grunt-contrib-compress',
31 verbose rebuildBundles   'grunt-contrib-copy',
31 verbose rebuildBundles   'grunt-contrib-cssmin',
31 verbose rebuildBundles   'grunt-contrib-jshint',
31 verbose rebuildBundles   'grunt-karma',
31 verbose rebuildBundles   'grunt-karma-coveralls',
31 verbose rebuildBundles   'grunt-processhtml',
31 verbose rebuildBundles   'karma',
31 verbose rebuildBundles   'karma-coverage',
31 verbose rebuildBundles   'karma-jasmine',
31 verbose rebuildBundles   'karma-mocha',
31 verbose rebuildBundles   'karma-phantomjs-launcher',
31 verbose rebuildBundles   'karma-qunit',
31 verbose rebuildBundles   'mocha',
31 verbose rebuildBundles   'qunitjs' ]
32 verbose rebuild bundle /Users/seemeloo/projects/HeadshouldersHome/node_modules/grunt-bbb-requirejs
33 info build /Users/seemeloo/projects/HeadshouldersHome/node_modules/grunt-bbb-requirejs
34 info preinstall grunt-bbb-requirejs@0.1.0-alpha.8
35 verbose linkStuff [ false,
35 verbose linkStuff   false,
35 verbose linkStuff   false,
35 verbose linkStuff   '/Users/seemeloo/projects/HeadshouldersHome/node_modules' ]
36 info linkStuff grunt-bbb-requirejs@0.1.0-alpha.8
37 verbose linkBins grunt-bbb-requirejs@0.1.0-alpha.8
38 verbose linkMans grunt-bbb-requirejs@0.1.0-alpha.8
39 verbose rebuildBundles grunt-bbb-requirejs@0.1.0-alpha.8
40 verbose rebuildBundles [ '.bin', 'es6-module-transpiler', 'requirejs' ]
41 info install grunt-bbb-requirejs@0.1.0-alpha.8
42 info postinstall grunt-bbb-requirejs@0.1.0-alpha.8
43 verbose rebuild bundle /Users/seemeloo/projects/HeadshouldersHome/node_modules/grunt-bbb-server
44 info build /Users/seemeloo/projects/HeadshouldersHome/node_modules/grunt-bbb-server
45 info preinstall grunt-bbb-server@0.1.0-alpha.13
46 verbose linkStuff [ false,
46 verbose linkStuff   false,
46 verbose linkStuff   false,
46 verbose linkStuff   '/Users/seemeloo/projects/HeadshouldersHome/node_modules' ]
47 info linkStuff grunt-bbb-server@0.1.0-alpha.13
48 verbose linkBins grunt-bbb-server@0.1.0-alpha.13
49 verbose linkMans grunt-bbb-server@0.1.0-alpha.13
50 verbose rebuildBundles grunt-bbb-server@0.1.0-alpha.13
51 verbose rebuildBundles [ '.bin',
51 verbose rebuildBundles   'es6-module-transpiler',
51 verbose rebuildBundles   'express',
51 verbose rebuildBundles   'grunt-lib-less',
51 verbose rebuildBundles   'grunt-lib-stylus',
51 verbose rebuildBundles   'gzip-js',
51 verbose rebuildBundles   'http-proxy',
51 verbose rebuildBundles   'requirejs' ]
52 info install grunt-bbb-server@0.1.0-alpha.13
53 info postinstall grunt-bbb-server@0.1.0-alpha.13
54 verbose rebuild bundle /Users/seemeloo/projects/HeadshouldersHome/node_modules/grunt-bbb-styles
55 info build /Users/seemeloo/projects/HeadshouldersHome/node_modules/grunt-bbb-styles
56 info preinstall grunt-bbb-styles@0.1.0-alpha.5
57 verbose linkStuff [ false,
57 verbose linkStuff   false,
57 verbose linkStuff   false,
57 verbose linkStuff   '/Users/seemeloo/projects/HeadshouldersHome/node_modules' ]
58 info linkStuff grunt-bbb-styles@0.1.0-alpha.5
59 verbose linkBins grunt-bbb-styles@0.1.0-alpha.5
60 verbose linkMans grunt-bbb-styles@0.1.0-alpha.5
61 verbose rebuildBundles grunt-bbb-styles@0.1.0-alpha.5
62 verbose rebuildBundles [ '.bin',
62 verbose rebuildBundles   'cssom',
62 verbose rebuildBundles   'grunt-lib-less',
62 verbose rebuildBundles   'grunt-lib-stylus',
62 verbose rebuildBundles   'nib',
62 verbose rebuildBundles   'stylus' ]
63 info install grunt-bbb-styles@0.1.0-alpha.5
64 info postinstall grunt-bbb-styles@0.1.0-alpha.5
65 verbose rebuild bundle /Users/seemeloo/projects/HeadshouldersHome/node_modules/karma
66 info build /Users/seemeloo/projects/HeadshouldersHome/node_modules/karma
67 info preinstall karma@0.12.0
68 verbose linkStuff [ false,
68 verbose linkStuff   false,
68 verbose linkStuff   false,
68 verbose linkStuff   '/Users/seemeloo/projects/HeadshouldersHome/node_modules' ]
69 info linkStuff karma@0.12.0
70 verbose linkBins karma@0.12.0
71 verbose link bins [ {},
71 verbose link bins   '/Users/seemeloo/projects/HeadshouldersHome/node_modules/.bin',
71 verbose link bins   false ]
72 verbose linkMans karma@0.12.0
73 verbose rebuildBundles karma@0.12.0
74 verbose rebuildBundles [ '.bin',
74 verbose rebuildBundles   'chokidar',
74 verbose rebuildBundles   'colors',
74 verbose rebuildBundles   'connect',
74 verbose rebuildBundles   'di',
74 verbose rebuildBundles   'glob',
74 verbose rebuildBundles   'graceful-fs',
74 verbose rebuildBundles   'http-proxy',
74 verbose rebuildBundles   'lodash',
74 verbose rebuildBundles   'log4js',
74 verbose rebuildBundles   'mime',
74 verbose rebuildBundles   'minimatch',
74 verbose rebuildBundles   'optimist',
74 verbose rebuildBundles   'q',
74 verbose rebuildBundles   'rimraf',
74 verbose rebuildBundles   'socket.io',
74 verbose rebuildBundles   'source-map',
74 verbose rebuildBundles   'useragent' ]
75 info install karma@0.12.0
76 info postinstall karma@0.12.0
77 verbose rebuild bundle /Users/seemeloo/projects/HeadshouldersHome/node_modules/mocha
78 info build /Users/seemeloo/projects/HeadshouldersHome/node_modules/mocha
79 info preinstall mocha@1.18.0
80 verbose linkStuff [ false,
80 verbose linkStuff   false,
80 verbose linkStuff   false,
80 verbose linkStuff   '/Users/seemeloo/projects/HeadshouldersHome/node_modules' ]
81 info linkStuff mocha@1.18.0
82 verbose linkBins mocha@1.18.0
83 verbose link bins [ { mocha: './bin/mocha', _mocha: './bin/_mocha' },
83 verbose link bins   '/Users/seemeloo/projects/HeadshouldersHome/node_modules/.bin',
83 verbose link bins   false ]
84 verbose linkMans mocha@1.18.0
85 verbose rebuildBundles mocha@1.18.0
86 verbose rebuildBundles [ '.bin',
86 verbose rebuildBundles   'commander',
86 verbose rebuildBundles   'debug',
86 verbose rebuildBundles   'diff',
86 verbose rebuildBundles   'glob',
86 verbose rebuildBundles   'growl',
86 verbose rebuildBundles   'jade',
86 verbose rebuildBundles   'mkdirp' ]
87 info install mocha@1.18.0
88 info postinstall mocha@1.18.0
89 verbose rebuild bundle /Users/seemeloo/projects/HeadshouldersHome/node_modules/qunitjs
90 info build /Users/seemeloo/projects/HeadshouldersHome/node_modules/qunitjs
91 info preinstall qunitjs@1.12.0
92 verbose linkStuff [ false,
92 verbose linkStuff   false,
92 verbose linkStuff   false,
92 verbose linkStuff   '/Users/seemeloo/projects/HeadshouldersHome/node_modules' ]
93 info linkStuff qunitjs@1.12.0
94 verbose linkBins qunitjs@1.12.0
95 verbose linkMans qunitjs@1.12.0
96 verbose rebuildBundles qunitjs@1.12.0
97 info install qunitjs@1.12.0
98 info postinstall qunitjs@1.12.0
99 info install backbone-boilerplate@1.0.0
100 info postinstall backbone-boilerplate@1.0.0
101 info prepublish backbone-boilerplate@1.0.0
102 error peerinvalid The package karma does not satisfy its siblings' peerDependencies requirements!
102 error peerinvalid Peer grunt-karma@0.6.2 wants karma@~0.10.0
102 error peerinvalid Peer karma-jasmine@0.1.5 wants karma@>=0.9
102 error peerinvalid Peer karma-mocha@0.1.3 wants karma@>=0.9
102 error peerinvalid Peer karma-qunit@0.1.1 wants karma@>=0.9
102 error peerinvalid Peer karma-phantomjs-launcher@0.1.2 wants karma@>=0.9
102 error peerinvalid Peer karma-coverage@0.1.5 wants karma@>=0.9
103 error System Darwin 12.4.0
104 error command "node" "/usr/local/bin/npm" "install"
105 error cwd /Users/seemeloo/projects/HeadshouldersHome
106 error node -v v0.10.24
107 error npm -v 1.3.21
108 error code EPEERINVALID
109 verbose exit [ 1, true ]
